<?xml version="1.0" encoding="UTF-8"?>
<!-- Generated by org.testng.reporters.JUnitReportReporter -->
<testsuite skipped="0" hostname="Mark-PC" name="Website.MusalaSoft.CareerSubmit" tests="4" failures="0" timestamp="2022-07-04T22:40:03 GMT+02:00" time="78.685" errors="0">
  <testcase name="OpenCareersPage_TC" time="27.716" classname="Website.MusalaSoft.CareerSubmit"/>
  <system-out/>
  <testcase name="VerifyJoinUsPage_TC" time="8.001" classname="Website.MusalaSoft.CareerSubmit"/>
  <system-out/>
  <testcase name="VerifyQAPosition_TC" time="7.882" classname="Website.MusalaSoft.CareerSubmit"/>
  <system-out/>
  <testcase name="VerifyCareerApplyForm_TC" time="35.086" classname="Website.MusalaSoft.CareerSubmit"/>
  <system-out/>
</testsuite> <!-- Website.MusalaSoft.CareerSubmit -->
