<?xml version="1.0" encoding="UTF-8"?>
<!-- Generated by org.testng.reporters.JUnitReportReporter -->
<testsuite skipped="0" hostname="Mark-PC" name="Website.MusalaSoft.FilterCareers" tests="2" failures="0" timestamp="2022-07-04T22:40:03 GMT+02:00" time="44.737" errors="0">
  <testcase name="OpenCareersPage_TC" time="34.856" classname="Website.MusalaSoft.FilterCareers"/>
  <system-out/>
  <testcase name="FilterCareersByLocation" time="9.881" classname="Website.MusalaSoft.FilterCareers"/>
  <system-out/>
</testsuite> <!-- Website.MusalaSoft.FilterCareers -->
