<?xml version="1.0" encoding="UTF-8"?>
<!-- Generated by org.testng.reporters.JUnitReportReporter -->
<testsuite skipped="0" hostname="Mark-PC" name="Website.MusalaSoft.ContactUs" tests="2" failures="0" timestamp="2022-07-04T22:40:03 GMT+02:00" time="24.277" errors="0">
  <testcase name="OpenContactUsForm_TC" time="0.335" classname="Website.MusalaSoft.ContactUs"/>
  <system-out/>
  <testcase name="VerifyContactForm_TC" time="23.942" classname="Website.MusalaSoft.ContactUs"/>
  <system-out/>
</testsuite> <!-- Website.MusalaSoft.ContactUs -->
