<?xml version="1.0" encoding="UTF-8"?>
<!-- Generated by org.testng.reporters.JUnitReportReporter -->
<testsuite skipped="0" hostname="Mark-PC" name="Website.MusalaSoft.TestPage" tests="4" failures="0" timestamp="2021-07-12T11:13:10 GMT+02:00" time="141.002" errors="0">
  <testcase name="executeSessionTwo" time="35.129" classname="Website.MusalaSoft.TestPage"/>
  <system-out/>
  <testcase name="executSessionThree" time="35.561" classname="Website.MusalaSoft.TestPage"/>
  <system-out/>
  <testcase name="executSessionFour" time="35.398" classname="Website.MusalaSoft.TestPage"/>
  <system-out/>
  <testcase name="executSessionOne" time="34.914" classname="Website.MusalaSoft.TestPage"/>
  <system-out/>
</testsuite> <!-- Website.MusalaSoft.TestPage -->
