<?xml version="1.0" encoding="UTF-8"?>
<!-- Generated by org.testng.reporters.JUnitReportReporter -->
<testsuite skipped="0" hostname="Mark-PC" name="Website.MusalaSoft.ProfilePicture" tests="3" failures="0" timestamp="2022-07-04T22:40:03 GMT+02:00" time="18.116" errors="0">
  <testcase name="VerifyCompanyLink_TC" time="11.961" classname="Website.MusalaSoft.ProfilePicture"/>
  <system-out/>
  <testcase name="VerifyLeadershipSection_TC" time="0.120" classname="Website.MusalaSoft.ProfilePicture"/>
  <system-out/>
  <testcase name="VerifyFacebookProfilePicture_TC" time="6.035" classname="Website.MusalaSoft.ProfilePicture"/>
  <system-out/>
</testsuite> <!-- Website.MusalaSoft.ProfilePicture -->
